[debug] [2024-06-04T04:20:12.077Z] ----------------------------------------------------------------------
[debug] [2024-06-04T04:20:12.078Z] Command:       /Users/dan/.nvm/versions/node/v20.13.1/bin/node /Users/dan/.nvm/versions/node/v20.13.1/bin/firebase init hosting
[debug] [2024-06-04T04:20:12.078Z] CLI Version:   13.9.0
[debug] [2024-06-04T04:20:12.078Z] Platform:      darwin
[debug] [2024-06-04T04:20:12.079Z] Node Version:  v20.13.1
[debug] [2024-06-04T04:20:12.079Z] Time:          Tue Jun 04 2024 00:20:12 GMT-0400 (Eastern Daylight Time)
[debug] [2024-06-04T04:20:12.079Z] ----------------------------------------------------------------------
[debug] 
[debug] [2024-06-04T04:20:12.122Z] > command requires scopes: ["email","openid","https://www.googleapis.com/auth/cloudplatformprojects.readonly","https://www.googleapis.com/auth/firebase","https://www.googleapis.com/auth/cloud-platform"]
[debug] [2024-06-04T04:20:12.122Z] > authorizing via signed-in user (danielcomriebell@gmail.com)
[info] 
     ######## #### ########  ######## ########     ###     ######  ########
     ##        ##  ##     ## ##       ##     ##  ##   ##  ##       ##
     ######    ##  ########  ######   ########  #########  ######  ######
     ##        ##  ##    ##  ##       ##     ## ##     ##       ## ##
     ##       #### ##     ## ######## ########  ##     ##  ######  ########

You're about to initialize a Firebase project in this directory:

  /Users/dan/Documents/Projects/foryouify/my-app

Before we get started, keep in mind:

  * You are initializing within an existing Firebase project directory

[info] 
=== Project Setup
[info] 
[info] First, let's associate this project directory with a Firebase project.
[info] You can create multiple project aliases by running firebase use --add, 
[info] but for now we'll just set up a default project.
[info] 
[debug] [2024-06-04T04:20:12.124Z] Using project from CLI flag: fyp-page
[debug] [2024-06-04T04:20:12.125Z] >>> [apiv2][query] GET https://firebase.googleapis.com/v1beta1/projects/fyp-page [none]
[debug] [2024-06-04T04:20:12.439Z] <<< [apiv2][status] GET https://firebase.googleapis.com/v1beta1/projects/fyp-page 200
[debug] [2024-06-04T04:20:12.440Z] <<< [apiv2][body] GET https://firebase.googleapis.com/v1beta1/projects/fyp-page {"projectId":"fyp-page","projectNumber":"491227634959","displayName":"fyp-page","name":"projects/fyp-page","resources":{"hostingSite":"fyp-page"},"state":"ACTIVE","etag":"1_257e25e4-6743-4bfc-b2b3-0aff99c7ba7e"}
[info] i  Using project fyp-page (fyp-page) 
[info] 
=== Hosting Setup
[debug] [2024-06-04T04:20:12.450Z] >>> [apiv2][query] GET https://firebase.googleapis.com/v1beta1/projects/fyp-page [none]
[debug] [2024-06-04T04:20:12.669Z] <<< [apiv2][status] GET https://firebase.googleapis.com/v1beta1/projects/fyp-page 200
[debug] [2024-06-04T04:20:12.669Z] <<< [apiv2][body] GET https://firebase.googleapis.com/v1beta1/projects/fyp-page {"projectId":"fyp-page","projectNumber":"491227634959","displayName":"fyp-page","name":"projects/fyp-page","resources":{"hostingSite":"fyp-page"},"state":"ACTIVE","etag":"1_257e25e4-6743-4bfc-b2b3-0aff99c7ba7e"}
[info] 
[info] Your public directory is the folder (relative to your project directory) that
[info] will contain Hosting assets to be uploaded with firebase deploy. If you
[info] have a build process for your assets, use your build's output directory.
[info] 
[debug] [2024-06-04T04:20:22.890Z] >>> [apiv2][query] GET https://www.gstatic.com/firebasejs/releases.json [none]
[debug] [2024-06-04T04:20:22.945Z] <<< [apiv2][status] GET https://www.gstatic.com/firebasejs/releases.json 200
[debug] [2024-06-04T04:20:22.946Z] <<< [apiv2][body] GET https://www.gstatic.com/firebasejs/releases.json {"current":{"version":"10.12.2","browserURL":"https://www.gstatic.com/firebasejs/10.12.2/firebase.js","packageURL":"https://www.gstatic.com/firebasejs/10.12.2/firebase.tgz"},"live":{"version":"10.12","browserURL":"https://www.gstatic.com/firebasejs/live/10.12/firebase.js","packageURL":"https://www.gstatic.com/firebasejs/live/10.12/firebase.tgz"},"components":{"analytics":"https://www.gstatic.com/firebasejs/10.12.2/firebase-analytics.js","app":"https://www.gstatic.com/firebasejs/10.12.2/firebase-app.js","app-check":"https://www.gstatic.com/firebasejs/10.12.2/firebase-app-check.js","auth":"https://www.gstatic.com/firebasejs/10.12.2/firebase-auth.js","auth/cordova":"https://www.gstatic.com/firebasejs/10.12.2/firebase-auth/cordova.js","auth/web-extension":"https://www.gstatic.com/firebasejs/10.12.2/firebase-auth/web-extension.js","functions":"https://www.gstatic.com/firebasejs/10.12.2/firebase-functions.js","firestore":"https://www.gstatic.com/firebasejs/10.12.2/firebase-firestore.js","firestore/lite":"https://www.gstatic.com/firebasejs/10.12.2/firebase-firestore/lite.js","installations":"https://www.gstatic.com/firebasejs/10.12.2/firebase-installations.js","storage":"https://www.gstatic.com/firebasejs/10.12.2/firebase-storage.js","performance":"https://www.gstatic.com/firebasejs/10.12.2/firebase-performance.js","remote-config":"https://www.gstatic.com/firebasejs/10.12.2/firebase-remote-config.js","messaging":"https://www.gstatic.com/firebasejs/10.12.2/firebase-messaging.js","messaging/sw":"https://www.gstatic.com/firebasejs/10.12.2/firebase-messaging/sw.js","database":"https://www.gstatic.com/firebasejs/10.12.2/firebase-database.js","vertexai-preview":"https://www.gstatic.com/firebasejs/10.12.2/firebase-vertexai-preview.js","firestore.memory":"https://www.gstatic.com/firebasejs/10.12.2/firebase-firestore.memory.js"}}
[info] ✔  Wrote public/index.html 
[info] 
[info] i  Detected a .git folder at /Users/dan/Documents/Projects/foryouify/my-app 
[info] i  Authorizing with GitHub to upload your service account to a GitHub repository's secrets store. 
[info] 
[info] Visit this URL on this device to log in:
[info] https://github.com/login/oauth/authorize?client_id=89cf50f02ac6aaed3484&state=150604023&redirect_uri=http%3A%2F%2Flocalhost%3A9005&scope=read%3Auser%20repo%20public_repo
[info] 
[info] Waiting for authentication...
[debug] [2024-06-04T04:20:26.052Z] >>> [apiv2][query] POST https://github.com/login/oauth/access_token [none]
[debug] [2024-06-04T04:20:26.053Z] >>> [apiv2][body] POST https://github.com/login/oauth/access_token [stream]
[debug] [2024-06-04T04:20:26.213Z] <<< [apiv2][status] POST https://github.com/login/oauth/access_token 200
[debug] [2024-06-04T04:20:26.213Z] <<< [apiv2][body] POST https://github.com/login/oauth/access_token {"access_token":"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","token_type":"bearer","scope":"read:user,repo"}
[debug] [2024-06-04T04:20:26.223Z] >>> [apiv2][query] GET https://api.github.com/user [none]
[debug] [2024-06-04T04:20:26.393Z] <<< [apiv2][status] GET https://api.github.com/user 200
[debug] [2024-06-04T04:20:26.393Z] <<< [apiv2][body] GET https://api.github.com/user {"login":"danielcomriebell","id":12531324,"node_id":"MDQ6VXNlcjEyNTMxMzI0","avatar_url":"https://avatars.githubusercontent.com/u/12531324?v=4","gravatar_id":"","url":"https://api.github.com/users/danielcomriebell","html_url":"https://github.com/danielcomriebell","followers_url":"https://api.github.com/users/danielcomriebell/followers","following_url":"https://api.github.com/users/danielcomriebell/following{/other_user}","gists_url":"https://api.github.com/users/danielcomriebell/gists{/gist_id}","starred_url":"https://api.github.com/users/danielcomriebell/starred{/owner}{/repo}","subscriptions_url":"https://api.github.com/users/danielcomriebell/subscriptions","organizations_url":"https://api.github.com/users/danielcomriebell/orgs","repos_url":"https://api.github.com/users/danielcomriebell/repos","events_url":"https://api.github.com/users/danielcomriebell/events{/privacy}","received_events_url":"https://api.github.com/users/danielcomriebell/received_events","type":"User","site_admin":false,"name":"Dan","company":"IBM","blog":"www.danbell.co","location":"NYC","email":null,"hireable":true,"bio":null,"twitter_username":null,"public_repos":20,"public_gists":0,"followers":0,"following":3,"created_at":"2015-05-20T15:14:14Z","updated_at":"2024-05-16T04:33:34Z","private_gists":0,"total_private_repos":11,"owned_private_repos":11,"disk_usage":1084415,"collaborators":5,"two_factor_authentication":true,"plan":{"name":"free","space":976562499,"collaborators":0,"private_repos":10000}}
[info] 
[info] ✔  Success! Logged into GitHub as danielcomriebell 
[info] 
